<?xml version="1.0" encoding="UTF-8"?>
<!-- Generated by org.testng.reporters.JUnitXMLReporter -->
<testsuite ignored="0" hostname="DESKTOP-OTCK14J" failures="0" tests="4" name="Test_firefox" time="32.201" errors="0" timestamp="2022-07-15T14:00:08 IST">
  <testcase classname="TestClass.testclass1" name="test1" time="0.006"/>
  <testcase classname="TestClass.testclass1" name="test2" time="0.002"/>
  <testcase classname="TestClass.testclass1" name="test3" time="0.002"/>
  <testcase classname="TestClass.testclass1" name="test4" time="0.002"/>
</testsuite> <!-- Test_firefox -->
