<?xml version="1.0" encoding="UTF-8"?>
<!-- Generated by org.testng.reporters.JUnitXMLReporter -->
<testsuite ignored="0" hostname="DESKTOP-OTCK14J" failures="0" tests="4" name="Test" time="12.274" errors="0" timestamp="2022-07-15T11:55:07 IST">
  <testcase classname="TestClass.testclass1" name="test1" time="0.018"/>
  <testcase classname="TestClass.testclass1" name="test2" time="0.006"/>
  <testcase classname="TestClass.testclass1" name="test3" time="0.003"/>
  <testcase classname="TestClass.testclass1" name="test4" time="0.003"/>
</testsuite> <!-- Test -->
