<?xml version="1.0" encoding="UTF-8"?>
<!-- Generated by org.testng.reporters.JUnitXMLReporter -->
<testsuite ignored="0" hostname="DESKTOP-OTCK14J" failures="0" tests="4" name="Test_Chrome" time="15.094" errors="0" timestamp="2022-07-15T13:59:51 IST">
  <testcase classname="TestClass.testclass1" name="test1" time="0.043"/>
  <testcase classname="TestClass.testclass1" name="test2" time="0.006"/>
  <testcase classname="TestClass.testclass1" name="test3" time="0.01"/>
  <testcase classname="TestClass.testclass1" name="test4" time="0.004"/>
</testsuite> <!-- Test_Chrome -->
