<?xml version="1.0" encoding="UTF-8"?>
<testng-results ignored="0" total="8" passed="8" failed="0" skipped="0">
  <reporter-output>
  </reporter-output>
  <suite started-at="2022-07-15T13:59:36 IST" name="Suite" finished-at="2022-07-15T14:00:08 IST" duration-ms="32201">
    <groups>
    </groups>
    <test started-at="2022-07-15T13:59:36 IST" name="Test_Chrome" finished-at="2022-07-15T13:59:51 IST" duration-ms="15094">
      <class name="TestClass.testclass1">
        <test-method is-config="true" signature="beforeClass(java.lang.String)[pri:0, instance:TestClass.testclass1@69b2283a]" started-at="2022-07-15T13:59:36 IST" name="beforeClass" finished-at="2022-07-15T13:59:51 IST" duration-ms="14801" status="PASS">
          <params>
            <param index="0">
              <value>
                <![CDATA[chrome]]>
              </value>
            </param>
          </params>
          <reporter-output>
          </reporter-output>
        </test-method> <!-- beforeClass -->
        <test-method is-config="true" signature="beforemethod()[pri:0, instance:TestClass.testclass1@69b2283a]" started-at="2022-07-15T13:59:51 IST" name="beforemethod" finished-at="2022-07-15T13:59:51 IST" duration-ms="0" status="PASS">
          <reporter-output>
          </reporter-output>
        </test-method> <!-- beforemethod -->
        <test-method signature="test1()[pri:0, instance:TestClass.testclass1@69b2283a]" started-at="2022-07-15T13:59:51 IST" name="test1" finished-at="2022-07-15T13:59:51 IST" duration-ms="43" status="PASS">
          <reporter-output>
          </reporter-output>
        </test-method> <!-- test1 -->
        <test-method is-config="true" signature="aftermethod()[pri:0, instance:TestClass.testclass1@69b2283a]" started-at="2022-07-15T13:59:51 IST" name="aftermethod" finished-at="2022-07-15T13:59:51 IST" duration-ms="18" status="PASS">
          <reporter-output>
          </reporter-output>
        </test-method> <!-- aftermethod -->
        <test-method is-config="true" signature="beforemethod()[pri:0, instance:TestClass.testclass1@69b2283a]" started-at="2022-07-15T13:59:51 IST" name="beforemethod" finished-at="2022-07-15T13:59:51 IST" duration-ms="1" status="PASS">
          <reporter-output>
          </reporter-output>
        </test-method> <!-- beforemethod -->
        <test-method signature="test2()[pri:0, instance:TestClass.testclass1@69b2283a]" started-at="2022-07-15T13:59:51 IST" name="test2" finished-at="2022-07-15T13:59:51 IST" duration-ms="6" status="PASS">
          <reporter-output>
          </reporter-output>
        </test-method> <!-- test2 -->
        <test-method is-config="true" signature="aftermethod()[pri:0, instance:TestClass.testclass1@69b2283a]" started-at="2022-07-15T13:59:51 IST" name="aftermethod" finished-at="2022-07-15T13:59:51 IST" duration-ms="1" status="PASS">
          <reporter-output>
          </reporter-output>
        </test-method> <!-- aftermethod -->
        <test-method is-config="true" signature="beforemethod()[pri:0, instance:TestClass.testclass1@69b2283a]" started-at="2022-07-15T13:59:51 IST" name="beforemethod" finished-at="2022-07-15T13:59:51 IST" duration-ms="0" status="PASS">
          <reporter-output>
          </reporter-output>
        </test-method> <!-- beforemethod -->
        <test-method signature="test3()[pri:0, instance:TestClass.testclass1@69b2283a]" started-at="2022-07-15T13:59:51 IST" name="test3" finished-at="2022-07-15T13:59:51 IST" duration-ms="10" status="PASS">
          <reporter-output>
          </reporter-output>
        </test-method> <!-- test3 -->
        <test-method is-config="true" signature="aftermethod()[pri:0, instance:TestClass.testclass1@69b2283a]" started-at="2022-07-15T13:59:51 IST" name="aftermethod" finished-at="2022-07-15T13:59:51 IST" duration-ms="0" status="PASS">
          <reporter-output>
          </reporter-output>
        </test-method> <!-- aftermethod -->
        <test-method is-config="true" signature="beforemethod()[pri:0, instance:TestClass.testclass1@69b2283a]" started-at="2022-07-15T13:59:51 IST" name="beforemethod" finished-at="2022-07-15T13:59:51 IST" duration-ms="1" status="PASS">
          <reporter-output>
          </reporter-output>
        </test-method> <!-- beforemethod -->
        <test-method signature="test4()[pri:0, instance:TestClass.testclass1@69b2283a]" started-at="2022-07-15T13:59:51 IST" name="test4" finished-at="2022-07-15T13:59:51 IST" duration-ms="4" status="PASS">
          <reporter-output>
          </reporter-output>
        </test-method> <!-- test4 -->
        <test-method is-config="true" signature="aftermethod()[pri:0, instance:TestClass.testclass1@69b2283a]" started-at="2022-07-15T13:59:51 IST" name="aftermethod" finished-at="2022-07-15T13:59:51 IST" duration-ms="1" status="PASS">
          <reporter-output>
          </reporter-output>
        </test-method> <!-- aftermethod -->
      </class> <!-- TestClass.testclass1 -->
    </test> <!-- Test_Chrome -->
    <test started-at="2022-07-15T13:59:36 IST" name="Test_firefox" finished-at="2022-07-15T14:00:08 IST" duration-ms="32201">
      <class name="TestClass.testclass1">
        <test-method is-config="true" signature="beforeClass(java.lang.String)[pri:0, instance:TestClass.testclass1@31368b99]" started-at="2022-07-15T13:59:36 IST" name="beforeClass" finished-at="2022-07-15T14:00:08 IST" duration-ms="32122" status="PASS">
          <params>
            <param index="0">
              <value>
                <![CDATA[firefox]]>
              </value>
            </param>
          </params>
          <reporter-output>
          </reporter-output>
        </test-method> <!-- beforeClass -->
        <test-method is-config="true" signature="beforemethod()[pri:0, instance:TestClass.testclass1@31368b99]" started-at="2022-07-15T14:00:08 IST" name="beforemethod" finished-at="2022-07-15T14:00:08 IST" duration-ms="1" status="PASS">
          <reporter-output>
          </reporter-output>
        </test-method> <!-- beforemethod -->
        <test-method signature="test1()[pri:0, instance:TestClass.testclass1@31368b99]" started-at="2022-07-15T14:00:08 IST" name="test1" finished-at="2022-07-15T14:00:08 IST" duration-ms="6" status="PASS">
          <reporter-output>
          </reporter-output>
        </test-method> <!-- test1 -->
        <test-method is-config="true" signature="aftermethod()[pri:0, instance:TestClass.testclass1@31368b99]" started-at="2022-07-15T14:00:08 IST" name="aftermethod" finished-at="2022-07-15T14:00:08 IST" duration-ms="1" status="PASS">
          <reporter-output>
          </reporter-output>
        </test-method> <!-- aftermethod -->
        <test-method is-config="true" signature="beforemethod()[pri:0, instance:TestClass.testclass1@31368b99]" started-at="2022-07-15T14:00:08 IST" name="beforemethod" finished-at="2022-07-15T14:00:08 IST" duration-ms="1" status="PASS">
          <reporter-output>
          </reporter-output>
        </test-method> <!-- beforemethod -->
        <test-method signature="test2()[pri:0, instance:TestClass.testclass1@31368b99]" started-at="2022-07-15T14:00:08 IST" name="test2" finished-at="2022-07-15T14:00:08 IST" duration-ms="2" status="PASS">
          <reporter-output>
          </reporter-output>
        </test-method> <!-- test2 -->
        <test-method is-config="true" signature="aftermethod()[pri:0, instance:TestClass.testclass1@31368b99]" started-at="2022-07-15T14:00:08 IST" name="aftermethod" finished-at="2022-07-15T14:00:08 IST" duration-ms="1" status="PASS">
          <reporter-output>
          </reporter-output>
        </test-method> <!-- aftermethod -->
        <test-method is-config="true" signature="beforemethod()[pri:0, instance:TestClass.testclass1@31368b99]" started-at="2022-07-15T14:00:08 IST" name="beforemethod" finished-at="2022-07-15T14:00:08 IST" duration-ms="1" status="PASS">
          <reporter-output>
          </reporter-output>
        </test-method> <!-- beforemethod -->
        <test-method signature="test3()[pri:0, instance:TestClass.testclass1@31368b99]" started-at="2022-07-15T14:00:08 IST" name="test3" finished-at="2022-07-15T14:00:08 IST" duration-ms="2" status="PASS">
          <reporter-output>
          </reporter-output>
        </test-method> <!-- test3 -->
        <test-method is-config="true" signature="aftermethod()[pri:0, instance:TestClass.testclass1@31368b99]" started-at="2022-07-15T14:00:08 IST" name="aftermethod" finished-at="2022-07-15T14:00:08 IST" duration-ms="0" status="PASS">
          <reporter-output>
          </reporter-output>
        </test-method> <!-- aftermethod -->
        <test-method is-config="true" signature="beforemethod()[pri:0, instance:TestClass.testclass1@31368b99]" started-at="2022-07-15T14:00:08 IST" name="beforemethod" finished-at="2022-07-15T14:00:08 IST" duration-ms="1" status="PASS">
          <reporter-output>
          </reporter-output>
        </test-method> <!-- beforemethod -->
        <test-method signature="test4()[pri:0, instance:TestClass.testclass1@31368b99]" started-at="2022-07-15T14:00:08 IST" name="test4" finished-at="2022-07-15T14:00:08 IST" duration-ms="2" status="PASS">
          <reporter-output>
          </reporter-output>
        </test-method> <!-- test4 -->
        <test-method is-config="true" signature="aftermethod()[pri:0, instance:TestClass.testclass1@31368b99]" started-at="2022-07-15T14:00:08 IST" name="aftermethod" finished-at="2022-07-15T14:00:08 IST" duration-ms="0" status="PASS">
          <reporter-output>
          </reporter-output>
        </test-method> <!-- aftermethod -->
      </class> <!-- TestClass.testclass1 -->
    </test> <!-- Test_firefox -->
  </suite> <!-- Suite -->
</testng-results>
